<?xml version="1.0" encoding="UTF-8"?>
<testsuite xmlns:xsi="http://www.w3.org/2001/XMLSchema-instance" xsi:noNamespaceSchemaLocation="https://maven.apache.org/surefire/maven-surefire-plugin/xsd/surefire-test-report.xsd" name="rest.PersonResourceTest" time="2.596" tests="7" errors="0" skipped="0" failures="0">
  <properties>
[...]
</properties>
  <testcase name="testDummyMsg" classname="rest.PersonResourceTest" time="0.958"/>
  <testcase name="testCount" classname="rest.PersonResourceTest" time="0.066"/>
  <testcase name="updatePerson" classname="rest.PersonResourceTest" time="0.184"/>
  <testcase name="addPerson" classname="rest.PersonResourceTest" time="0.11"/>
  <testcase name="getAllPersons" classname="rest.PersonResourceTest" time="0.107"/>
  <testcase name="testDelete" classname="rest.PersonResourceTest" time="0.098"/>
  <testcase name="testServerIsUp" classname="rest.PersonResourceTest" time="0.057"/>
</testsuite>